{
  "stats": {
    "suites": 1,
    "tests": 1,
    "passes": 1,
    "pending": 0,
    "failures": 0,
    "start": "2025-02-20T16:42:27.767Z",
    "end": "2025-02-20T16:42:35.133Z",
    "duration": 7366,
    "testsRegistered": 1,
    "passPercent": 100,
    "pendingPercent": 0,
    "other": 0,
    "hasOther": false,
    "skipped": 0,
    "hasSkipped": false
  },
  "results": [
    {
      "uuid": "0ea3e09c-2c9d-4b5c-b055-ed7778565a3a",
      "title": "",
      "fullFile": "cypress/e2e/primera.cy.js",
      "file": "cypress/e2e/primera.cy.js",
      "beforeHooks": [],
      "afterHooks": [],
      "tests": [],
      "suites": [
        {
          "uuid": "6c2e4df7-726c-4881-a96d-9e748920d5ea",
          "title": "Busqueda en DuckDuckGo",
          "fullFile": "",
          "file": "",
          "beforeHooks": [],
          "afterHooks": [],
          "tests": [
            {
              "title": "Debe buscar \"Cypress Testing\"",
              "fullTitle": "Busqueda en DuckDuckGo Debe buscar \"Cypress Testing\"",
              "timedOut": null,
              "duration": 5846,
              "state": "passed",
              "speed": "medium",
              "pass": true,
              "fail": false,
              "pending": false,
              "context": null,
              "code": "cy.visit('https://duckduckgo.com/');\ncy.log('DuckDuckGo cargado');\ncy.get('#searchbox_input').type('Cypress Testing{enter}');\ncy.get('.results--main').should('be.visible');\ncy.log('Resultados cargados');\n//Seleccionar el primer resultado\ncy.get('.result__a').first().click();\n//Validar que la nueva pagina contiene la palabra \"Cypress\"\ncy.url().should('include', 'cypress');\ncy.log('Pagina de resultados cargada');",
              "err": {},
              "uuid": "4d8a5889-a73f-4659-b811-76f4229ebeb0",
              "parentUUID": "6c2e4df7-726c-4881-a96d-9e748920d5ea",
              "isHook": false,
              "skipped": false
            }
          ],
          "suites": [],
          "passes": [
            "4d8a5889-a73f-4659-b811-76f4229ebeb0"
          ],
          "failures": [],
          "pending": [],
          "skipped": [],
          "duration": 5846,
          "root": false,
          "rootEmpty": false,
          "_timeout": 2000
        }
      ],
      "passes": [],
      "failures": [],
      "pending": [],
      "skipped": [],
      "duration": 0,
      "root": true,
      "rootEmpty": true,
      "_timeout": 2000
    }
  ],
  "meta": {
    "mocha": {
      "version": "7.0.1"
    },
    "mochawesome": {
      "options": {
        "quiet": false,
        "reportFilename": "mochawesome",
        "saveHtml": true,
        "saveJson": true,
        "consoleReporter": "spec",
        "useInlineDiffs": false,
        "code": true
      },
      "version": "7.1.3"
    },
    "marge": {
      "options": null,
      "version": "6.2.0"
    }
  }
}